# JRE version: OpenJDK Runtime Environment (8.0_242-b01) (build 1.8.0_242-release-1644-b01)
# Java VM: OpenJDK 64-Bit Server VM (25.242-b01 mixed mode windows-amd64 compressed oops)
Heap:
 PSYoungGen      total 424960K, used 354407K [0x00000000d5580000, 0x00000000f3100000, 0x0000000100000000)
  eden space 393728K, 83% used [0x00000000d5580000,0x00000000e97eb090,0x00000000ed600000)
  from space 31232K, 77% used [0x00000000ef700000,0x00000000f0eaedd8,0x00000000f1580000)
  to   space 33792K, 0% used [0x00000000ed600000,0x00000000ed600000,0x00000000ef700000)
 ParOldGen       total 116736K, used 54536K [0x0000000080000000, 0x0000000087200000, 0x00000000d5580000)
  object space 116736K, 46% used [0x0000000080000000,0x00000000835421f0,0x0000000087200000)
 Metaspace       used 92860K, capacity 97658K, committed 97880K, reserved 1134592K
  class space    used 12180K, capacity 13176K, committed 13184K, reserved 1048576K
GC Heap History (10 events):
Event: 31.108 GC heap before
{Heap before GC invocations=11 (full 2):
 PSYoungGen      total 274432K, used 180713K [0x00000000d5580000, 0x00000000e8d00000, 0x0000000100000000)
  eden space 260608K, 64% used [0x00000000d5580000,0x00000000df8801d8,0x00000000e5400000)
  from space 13824K, 99% used [0x00000000e6480000,0x00000000e71fa4d8,0x00000000e7200000)
  to   space 16896K, 0% used [0x00000000e5400000,0x00000000e5400000,0x00000000e6480000)
 ParOldGen       total 72192K, used 18030K [0x0000000080000000, 0x0000000084680000, 0x00000000d5580000)
  object space 72192K, 24% used [0x0000000080000000,0x000000008119bb50,0x0000000084680000)
 Metaspace       used 56515K, capacity 59060K, committed 59096K, reserved 1099776K
  class space    used 7431K, capacity 7908K, committed 7936K, reserved 1048576K
Event: 31.155 GC heap after
Heap after GC invocations=11 (full 2):
 PSYoungGen      total 277504K, used 16873K [0x00000000d5580000, 0x00000000ecc80000, 0x0000000100000000)
  eden space 260608K, 0% used [0x00000000d5580000,0x00000000d5580000,0x00000000e5400000)
  from space 16896K, 99% used [0x00000000e5400000,0x00000000e647a740,0x00000000e6480000)
  to   space 24064K, 0% used [0x00000000eb500000,0x00000000eb500000,0x00000000ecc80000)
 ParOldGen       total 72192K, used 29636K [0x0000000080000000, 0x0000000084680000, 0x00000000d5580000)
  object space 72192K, 41% used [0x0000000080000000,0x0000000081cf1390,0x0000000084680000)
 Metaspace       used 56515K, capacity 59060K, committed 59096K, reserved 1099776K
  class space    used 7431K, capacity 7908K, committed 7936K, reserved 1048576K
}
Event: 31.155 GC heap before
{Heap before GC invocations=12 (full 3):
 PSYoungGen      total 277504K, used 16873K [0x00000000d5580000, 0x00000000ecc80000, 0x0000000100000000)
  eden space 260608K, 0% used [0x00000000d5580000,0x00000000d5580000,0x00000000e5400000)
  from space 16896K, 99% used [0x00000000e5400000,0x00000000e647a740,0x00000000e6480000)
  to   space 24064K, 0% used [0x00000000eb500000,0x00000000eb500000,0x00000000ecc80000)
 ParOldGen       total 72192K, used 29636K [0x0000000080000000, 0x0000000084680000, 0x00000000d5580000)
  object space 72192K, 41% used [0x0000000080000000,0x0000000081cf1390,0x0000000084680000)
 Metaspace       used 56515K, capacity 59060K, committed 59096K, reserved 1099776K
  class space    used 7431K, capacity 7908K, committed 7936K, reserved 1048576K
Event: 31.489 GC heap after
Heap after GC invocations=12 (full 3):
 PSYoungGen      total 277504K, used 0K [0x00000000d5580000, 0x00000000ecc80000, 0x0000000100000000)
  eden space 260608K, 0% used [0x00000000d5580000,0x00000000d5580000,0x00000000e5400000)
  from space 16896K, 0% used [0x00000000e5400000,0x00000000e5400000,0x00000000e6480000)
  to   space 24064K, 0% used [0x00000000eb500000,0x00000000eb500000,0x00000000ecc80000)
 ParOldGen       total 116736K, used 40431K [0x0000000080000000, 0x0000000087200000, 0x00000000d5580000)
  object space 116736K, 34% used [0x0000000080000000,0x000000008277bf48,0x0000000087200000)
 Metaspace       used 56403K, capacity 58754K, committed 59096K, reserved 1099776K
  class space    used 7400K, capacity 7867K, committed 7936K, reserved 1048576K
}
Event: 37.611 GC heap before
{Heap before GC invocations=13 (full 3):
 PSYoungGen      total 277504K, used 260608K [0x00000000d5580000, 0x00000000ecc80000, 0x0000000100000000)
  eden space 260608K, 100% used [0x00000000d5580000,0x00000000e5400000,0x00000000e5400000)
  from space 16896K, 0% used [0x00000000e5400000,0x00000000e5400000,0x00000000e6480000)
  to   space 24064K, 0% used [0x00000000eb500000,0x00000000eb500000,0x00000000ecc80000)
 ParOldGen       total 116736K, used 40431K [0x0000000080000000, 0x0000000087200000, 0x00000000d5580000)
  object space 116736K, 34% used [0x0000000080000000,0x000000008277bf48,0x0000000087200000)
 Metaspace       used 72640K, capacity 75704K, committed 75864K, reserved 1114112K
  class space    used 9937K, capacity 10544K, committed 10624K, reserved 1048576K
Event: 37.656 GC heap after
Heap after GC invocations=13 (full 3):
 PSYoungGen      total 350720K, used 24058K [0x00000000d5580000, 0x00000000ecc80000, 0x0000000100000000)
  eden space 326656K, 0% used [0x00000000d5580000,0x00000000d5580000,0x00000000e9480000)
  from space 24064K, 99% used [0x00000000eb500000,0x00000000ecc7e958,0x00000000ecc80000)
  to   space 28160K, 0% used [0x00000000e9580000,0x00000000e9580000,0x00000000eb100000)
 ParOldGen       total 116736K, used 40981K [0x0000000080000000, 0x0000000087200000, 0x00000000d5580000)
  object space 116736K, 35% used [0x0000000080000000,0x0000000082805590,0x0000000087200000)
 Metaspace       used 72640K, capacity 75704K, committed 75864K, reserved 1114112K
  class space    used 9937K, capacity 10544K, committed 10624K, reserved 1048576K
}
Event: 531.634 GC heap before
{Heap before GC invocations=14 (full 3):
 PSYoungGen      total 350720K, used 350714K [0x00000000d5580000, 0x00000000ecc80000, 0x0000000100000000)
  eden space 326656K, 100% used [0x00000000d5580000,0x00000000e9480000,0x00000000e9480000)
  from space 24064K, 99% used [0x00000000eb500000,0x00000000ecc7e958,0x00000000ecc80000)
  to   space 28160K, 0% used [0x00000000e9580000,0x00000000e9580000,0x00000000eb100000)
 ParOldGen       total 116736K, used 40981K [0x0000000080000000, 0x0000000087200000, 0x00000000d5580000)
  object space 116736K, 35% used [0x0000000080000000,0x0000000082805590,0x0000000087200000)
 Metaspace       used 88747K, capacity 93060K, committed 93272K, reserved 1130496K
  class space    used 11775K, capacity 12651K, committed 12672K, reserved 1048576K
Event: 531.717 GC heap after
Heap after GC invocations=14 (full 3):
 PSYoungGen      total 355840K, used 25503K [0x00000000d5580000, 0x00000000f1580000, 0x0000000100000000)
  eden space 327680K, 0% used [0x00000000d5580000,0x00000000d5580000,0x00000000e9580000)
  from space 28160K, 90% used [0x00000000e9580000,0x00000000eae67ce0,0x00000000eb100000)
  to   space 31232K, 0% used [0x00000000ef700000,0x00000000ef700000,0x00000000f1580000)
 ParOldGen       total 116736K, used 54528K [0x0000000080000000, 0x0000000087200000, 0x00000000d5580000)
  object space 116736K, 46% used [0x0000000080000000,0x00000000835401f0,0x0000000087200000)
 Metaspace       used 88747K, capacity 93060K, committed 93272K, reserved 1130496K
  class space    used 11775K, capacity 12651K, committed 12672K, reserved 1048576K
}
Event: 731.080 GC heap before
{Heap before GC invocations=15 (full 3):
 PSYoungGen      total 355840K, used 353183K [0x00000000d5580000, 0x00000000f1580000, 0x0000000100000000)
  eden space 327680K, 100% used [0x00000000d5580000,0x00000000e9580000,0x00000000e9580000)
  from space 28160K, 90% used [0x00000000e9580000,0x00000000eae67ce0,0x00000000eb100000)
  to   space 31232K, 0% used [0x00000000ef700000,0x00000000ef700000,0x00000000f1580000)
 ParOldGen       total 116736K, used 54528K [0x0000000080000000, 0x0000000087200000, 0x00000000d5580000)
  object space 116736K, 46% used [0x0000000080000000,0x00000000835401f0,0x0000000087200000)
 Metaspace       used 91918K, capacity 96546K, committed 96728K, reserved 1132544K
  class space    used 12092K, capacity 13044K, committed 13056K, reserved 1048576K
Event: 736.469 GC heap after
Heap after GC invocations=15 (full 3):
 PSYoungGen      total 424960K, used 24251K [0x00000000d5580000, 0x00000000f3100000, 0x0000000100000000)
  eden space 393728K, 0% used [0x00000000d5580000,0x00000000d5580000,0x00000000ed600000)
  from space 31232K, 77% used [0x00000000ef700000,0x00000000f0eaedd8,0x00000000f1580000)
  to   space 33792K, 0% used [0x00000000ed600000,0x00000000ed600000,0x00000000ef700000)
 ParOldGen       total 116736K, used 54536K [0x0000000080000000, 0x0000000087200000, 0x00000000d5580000)
  object space 116736K, 46% used [0x0000000080000000,0x00000000835421f0,0x0000000087200000)
 Metaspace       used 91918K, capacity 96546K, committed 96728K, reserved 1132544K
  class space    used 12092K, capacity 13044K, committed 13056K, reserved 1048576K
}

